<?xml version="1.0" encoding="UTF-8"?>
<!-- Generated by org.testng.reporters.JUnitXMLReporter -->
<testsuite ignored="0" hostname="DESKTOP-A2R8RVN" failures="0" tests="4" name="Default test" time="55.644" errors="0" timestamp="2023-09-14T02:52:23 BDT">
  <testcase classname="ExcelFileDataprovide.ExcelFileDataprovide" name="TestLogin" time="7.191"/>
  <testcase classname="ExcelFileDataprovide.ExcelFileDataprovide" name="TestLogin" time="7.175"/>
  <testcase classname="ExcelFileDataprovide.ExcelFileDataprovide" name="TestLogin" time="7.182"/>
  <testcase classname="ExcelFileDataprovide.ExcelFileDataprovide" name="TestLogin" time="7.21"/>
</testsuite> <!-- Default test -->
