<?xml version="1.0" encoding="UTF-8"?>
<testng-results ignored="0" total="4" passed="4" failed="0" skipped="0">
  <reporter-output>
  </reporter-output>
  <suite started-at="2023-09-14T02:51:28 BDT" name="Default suite" finished-at="2023-09-14T02:52:23 BDT" duration-ms="55644">
    <groups>
    </groups>
    <test started-at="2023-09-14T02:51:28 BDT" name="Default test" finished-at="2023-09-14T02:52:23 BDT" duration-ms="55644">
      <class name="ExcelFileDataprovide.ExcelFileDataprovide">
        <test-method is-config="true" signature="LaunchBrowser()[pri:0, instance:ExcelFileDataprovide.ExcelFileDataprovide@6b2ea799]" started-at="2023-09-14T02:51:28 BDT" name="LaunchBrowser" finished-at="2023-09-14T02:51:34 BDT" duration-ms="5329" status="PASS">
          <reporter-output>
          </reporter-output>
        </test-method> <!-- LaunchBrowser -->
        <test-method signature="TestLogin(java.lang.String,java.lang.String)[pri:0, instance:ExcelFileDataprovide.ExcelFileDataprovide@6b2ea799]" started-at="2023-09-14T02:51:34 BDT" name="TestLogin" data-provider="LoginTestData" finished-at="2023-09-14T02:51:41 BDT" duration-ms="7191" status="PASS">
          <params>
            <param index="0">
              <value>
                <![CDATA[locked_out_user]]>
              </value>
            </param>
            <param index="1">
              <value>
                <![CDATA[abcd_123]]>
              </value>
            </param>
          </params>
          <reporter-output>
          </reporter-output>
        </test-method> <!-- TestLogin -->
        <test-method is-config="true" signature="tearDown()[pri:0, instance:ExcelFileDataprovide.ExcelFileDataprovide@6b2ea799]" started-at="2023-09-14T02:51:41 BDT" name="tearDown" finished-at="2023-09-14T02:51:43 BDT" duration-ms="2129" status="PASS">
          <reporter-output>
          </reporter-output>
        </test-method> <!-- tearDown -->
        <test-method is-config="true" signature="LaunchBrowser()[pri:0, instance:ExcelFileDataprovide.ExcelFileDataprovide@6b2ea799]" started-at="2023-09-14T02:51:43 BDT" name="LaunchBrowser" finished-at="2023-09-14T02:51:47 BDT" duration-ms="3944" status="PASS">
          <reporter-output>
          </reporter-output>
        </test-method> <!-- LaunchBrowser -->
        <test-method signature="TestLogin(java.lang.String,java.lang.String)[pri:0, instance:ExcelFileDataprovide.ExcelFileDataprovide@6b2ea799]" started-at="2023-09-14T02:51:47 BDT" name="TestLogin" data-provider="LoginTestData" finished-at="2023-09-14T02:51:54 BDT" duration-ms="7175" status="PASS">
          <params>
            <param index="0">
              <value>
                <![CDATA[admin_123]]>
              </value>
            </param>
            <param index="1">
              <value>
                <![CDATA[secret_sauce]]>
              </value>
            </param>
          </params>
          <reporter-output>
          </reporter-output>
        </test-method> <!-- TestLogin -->
        <test-method is-config="true" signature="tearDown()[pri:0, instance:ExcelFileDataprovide.ExcelFileDataprovide@6b2ea799]" started-at="2023-09-14T02:51:54 BDT" name="tearDown" finished-at="2023-09-14T02:51:56 BDT" duration-ms="2102" status="PASS">
          <reporter-output>
          </reporter-output>
        </test-method> <!-- tearDown -->
        <test-method is-config="true" signature="LaunchBrowser()[pri:0, instance:ExcelFileDataprovide.ExcelFileDataprovide@6b2ea799]" started-at="2023-09-14T02:51:56 BDT" name="LaunchBrowser" finished-at="2023-09-14T02:52:00 BDT" duration-ms="4108" status="PASS">
          <reporter-output>
          </reporter-output>
        </test-method> <!-- LaunchBrowser -->
        <test-method signature="TestLogin(java.lang.String,java.lang.String)[pri:0, instance:ExcelFileDataprovide.ExcelFileDataprovide@6b2ea799]" started-at="2023-09-14T02:52:00 BDT" name="TestLogin" data-provider="LoginTestData" finished-at="2023-09-14T02:52:07 BDT" duration-ms="7182" status="PASS">
          <params>
            <param index="0">
              <value>
                <![CDATA[standard_user]]>
              </value>
            </param>
            <param index="1">
              <value>
                <![CDATA[banana_234]]>
              </value>
            </param>
          </params>
          <reporter-output>
          </reporter-output>
        </test-method> <!-- TestLogin -->
        <test-method is-config="true" signature="tearDown()[pri:0, instance:ExcelFileDataprovide.ExcelFileDataprovide@6b2ea799]" started-at="2023-09-14T02:52:07 BDT" name="tearDown" finished-at="2023-09-14T02:52:10 BDT" duration-ms="2106" status="PASS">
          <reporter-output>
          </reporter-output>
        </test-method> <!-- tearDown -->
        <test-method is-config="true" signature="LaunchBrowser()[pri:0, instance:ExcelFileDataprovide.ExcelFileDataprovide@6b2ea799]" started-at="2023-09-14T02:52:10 BDT" name="LaunchBrowser" finished-at="2023-09-14T02:52:14 BDT" duration-ms="4540" status="PASS">
          <reporter-output>
          </reporter-output>
        </test-method> <!-- LaunchBrowser -->
        <test-method signature="TestLogin(java.lang.String,java.lang.String)[pri:0, instance:ExcelFileDataprovide.ExcelFileDataprovide@6b2ea799]" started-at="2023-09-14T02:52:14 BDT" name="TestLogin" data-provider="LoginTestData" finished-at="2023-09-14T02:52:21 BDT" duration-ms="7210" status="PASS">
          <params>
            <param index="0">
              <value>
                <![CDATA[standard_user]]>
              </value>
            </param>
            <param index="1">
              <value>
                <![CDATA[secret_sauce]]>
              </value>
            </param>
          </params>
          <reporter-output>
          </reporter-output>
        </test-method> <!-- TestLogin -->
        <test-method is-config="true" signature="tearDown()[pri:0, instance:ExcelFileDataprovide.ExcelFileDataprovide@6b2ea799]" started-at="2023-09-14T02:52:21 BDT" name="tearDown" finished-at="2023-09-14T02:52:23 BDT" duration-ms="2103" status="PASS">
          <reporter-output>
          </reporter-output>
        </test-method> <!-- tearDown -->
      </class> <!-- ExcelFileDataprovide.ExcelFileDataprovide -->
    </test> <!-- Default test -->
  </suite> <!-- Default suite -->
</testng-results>
